<?xml version="1.0" encoding="UTF-8"?>
<testsuite xmlns:xsi="http://www.w3.org/2001/XMLSchema-instance" xsi:noNamespaceSchemaLocation="https://maven.apache.org/surefire/maven-surefire-plugin/xsd/surefire-test-report-3.0.xsd" version="3.0" name="UserServiceTest" time="4.625" tests="6" errors="0" skipped="0" failures="0">
  <properties>
[...]
</properties>
  <testcase name="saveUser" classname="UserServiceTest" time="2.371">
    <system-out><![CDATA[UserServiceImpl() invoked  userDao=jm.task.core.jdbc.dao.UserDaoJDBCImpl@c46bcd4
Hibernate: 
    
    create table users (
       id int8 not null,
        age int2 not null,
        last_name varchar(255) not null,
        name varchar(255) not null,
        primary key (id)
    )
]]></system-out>
    <system-err><![CDATA[нояб. 24, 2024 11:52:24 AM org.hibernate.Version logVersion
INFO: HHH000412: Hibernate ORM core version 5.6.3.Final
нояб. 24, 2024 11:52:25 AM org.hibernate.annotations.common.reflection.java.JavaReflectionManager <clinit>
INFO: HCANN000001: Hibernate Commons Annotations {5.1.2.Final}
нояб. 24, 2024 11:52:25 AM org.hibernate.engine.jdbc.connections.internal.DriverManagerConnectionProviderImpl configure
WARN: HHH10001002: Using Hibernate built-in connection pool (not for production use!)
нояб. 24, 2024 11:52:25 AM org.hibernate.engine.jdbc.connections.internal.DriverManagerConnectionProviderImpl buildCreator
INFO: HHH10001005: using driver [org.postgresql.Driver] at URL [jdbc:postgresql://localhost:5432/postgres]
нояб. 24, 2024 11:52:25 AM org.hibernate.engine.jdbc.connections.internal.DriverManagerConnectionProviderImpl buildCreator
INFO: HHH10001001: Connection properties: {user=postgres, password=****}
нояб. 24, 2024 11:52:25 AM org.hibernate.engine.jdbc.connections.internal.DriverManagerConnectionProviderImpl buildCreator
INFO: HHH10001003: Autocommit mode: false
нояб. 24, 2024 11:52:25 AM org.hibernate.engine.jdbc.connections.internal.DriverManagerConnectionProviderImpl$PooledConnections <init>
INFO: HHH000115: Hibernate connection pool size: 20 (min=1)
нояб. 24, 2024 11:52:25 AM org.hibernate.dialect.Dialect <init>
INFO: HHH000400: Using dialect: org.hibernate.dialect.PostgreSQL10Dialect
нояб. 24, 2024 11:52:26 AM org.hibernate.validator.internal.util.Version <clinit>
INFO: HV000001: Hibernate Validator 6.2.5.Final
нояб. 24, 2024 11:52:26 AM org.hibernate.resource.transaction.backend.jdbc.internal.DdlTransactionIsolatorNonJtaImpl getIsolatedConnection
INFO: HHH10001501: Connection obtained from JdbcConnectionAccess [org.hibernate.engine.jdbc.env.internal.JdbcEnvironmentInitiator$ConnectionProviderJdbcConnectionAccess@210d2a6c] for (non-JTA) DDL execution was not in auto-commit mode; the Connection 'local transaction' will be committed and the Connection will be set into auto-commit mode.
нояб. 24, 2024 11:52:26 AM org.hibernate.engine.transaction.jta.platform.internal.JtaPlatformInitiator initiateService
INFO: HHH000490: Using JtaPlatform implementation: [org.hibernate.engine.transaction.jta.platform.internal.NoJtaPlatform]
]]></system-err>
  </testcase>
  <testcase name="removeUserById" classname="UserServiceTest" time="0.449">
    <system-out><![CDATA[UserServiceImpl() invoked  userDao=jm.task.core.jdbc.dao.UserDaoJDBCImpl@6a0f2853
]]></system-out>
  </testcase>
  <testcase name="getAllUsers" classname="UserServiceTest" time="0.428">
    <system-out><![CDATA[UserServiceImpl() invoked  userDao=jm.task.core.jdbc.dao.UserDaoJDBCImpl@1eff3cfb
]]></system-out>
  </testcase>
  <testcase name="dropUsersTable" classname="UserServiceTest" time="0.232">
    <system-out><![CDATA[UserServiceImpl() invoked  userDao=jm.task.core.jdbc.dao.UserDaoJDBCImpl@70c69586
]]></system-out>
  </testcase>
  <testcase name="createUsersTable" classname="UserServiceTest" time="0.266">
    <system-out><![CDATA[UserServiceImpl() invoked  userDao=jm.task.core.jdbc.dao.UserDaoJDBCImpl@b0a1231
]]></system-out>
  </testcase>
  <testcase name="cleanUsersTable" classname="UserServiceTest" time="0.817">
    <system-out><![CDATA[UserServiceImpl() invoked  userDao=jm.task.core.jdbc.dao.UserDaoJDBCImpl@4833eff3
]]></system-out>
  </testcase>
</testsuite>